<?xml version="1.0" encoding="UTF-8"?>
<testsuite xmlns:xsi="http://www.w3.org/2001/XMLSchema-instance" xsi:noNamespaceSchemaLocation="https://maven.apache.org/surefire/maven-surefire-plugin/xsd/surefire-test-report-3.0.xsd" version="3.0" name="com.ibm.SonarQubeCodeTest" time="0.066" tests="4" errors="0" skipped="0" failures="0">
  <properties>
[...]
</properties>
  <testcase name="shouldReturnExpectedMessage" classname="com.ibm.SonarQubeCodeTest" time="0.036"/>
  <testcase name="mainShouldRunWithoutException" classname="com.ibm.SonarQubeCodeTest" time="0.003">
    <system-err><![CDATA[[main] INFO com.ibm.SonarQubeCode - SonarCloud Java test
]]></system-err>
  </testcase>
  <testcase name="testMainMethod" classname="com.ibm.SonarQubeCodeTest" time="0.002">
    <system-err><![CDATA[[main] INFO com.ibm.SonarQubeCode - SonarCloud Java test
]]></system-err>
  </testcase>
  <testcase name="testGetMessage" classname="com.ibm.SonarQubeCodeTest" time="0.001"/>
</testsuite>